<?xml version="1.0" encoding="UTF-8"?>
<testsuite name="calculatlor.Calculator" tests="2" skipped="0" failures="0" errors="0" timestamp="2018-05-11T13:50:52" hostname="WKWIN4675635" time="0.102">
  <properties/>
  <testcase name="Add two numbers -2 &amp; 3" classname="calculatlor.Calculator" time="0.099"/>
  <testcase name="Add two numbers 10 &amp; 15" classname="calculatlor.Calculator" time="0.001"/>
  <system-out><![CDATA[]]></system-out>
  <system-err><![CDATA[]]></system-err>
</testsuite>
